<?xml version="1.0" encoding="UTF-8"?>
<!-- Generated by org.testng.reporters.JUnitXMLReporter -->
<testsuite ignored="0" hostname="FacundoDesktop" failures="0" tests="3" name="Default test" time="58.978" errors="0" timestamp="2022-06-12T19:39:44 ART">
  <testcase classname="com.selenium.test1.DespegarTest" name="testHome" time="9.636"/>
  <testcase classname="com.selenium.test1.DespegarTest" name="testHome" time="8.472"/>
  <testcase classname="com.selenium.test1.DespegarTest" name="testHome" time="8.278"/>
</testsuite> <!-- Default test -->
